<?xml version="1.0" encoding="UTF-8"?>
<!-- Generated by org.testng.reporters.JUnitXMLReporter -->
<testsuite hostname="DESKTOP-JVKCHTK" ignored="2" name="TesTwo" tests="2" failures="0" timestamp="03 Aug 2020 15:28:50 GMT" time="0.004" errors="0">
  <testcase name="secondGroupMethodOne" time="0.0" classname="seleniumdemo.selenium.BeforeAndAfterClass"/>
  <testcase name="secondGroupMethodTwo" time="0.001" classname="seleniumdemo.selenium.BeforeAndAfterClass"/>
  <testcase name="firstGroupMethodOne" time="0.0" classname="seleniumdemo.selenium.BeforeAndAfterClass">
    <ignored/>
  </testcase> <!-- firstGroupMethodOne -->
  <testcase name="firstGroupMethodTwo" time="0.0" classname="seleniumdemo.selenium.BeforeAndAfterClass">
    <ignored/>
  </testcase> <!-- firstGroupMethodTwo -->
</testsuite> <!-- TesTwo -->
