<?xml version="1.0" encoding="UTF-8"?>
<testng-results skipped="0" failed="0" ignored="4" total="8" passed="4">
  <reporter-output>
  </reporter-output>
  <suite name="Suite" duration-ms="52" started-at="2020-08-03T15:28:50Z" finished-at="2020-08-03T15:28:50Z">
    <groups>
      <group name="secondGroup">
        <method signature="BeforeAndAfterClass.secondGroupMethodOne()[pri:0, instance:seleniumdemo.selenium.BeforeAndAfterClass@754ba872]" name="secondGroupMethodOne" class="seleniumdemo.selenium.BeforeAndAfterClass"/>
        <method signature="BeforeAndAfterClass.secondGroupMethodTwo()[pri:0, instance:seleniumdemo.selenium.BeforeAndAfterClass@754ba872]" name="secondGroupMethodTwo" class="seleniumdemo.selenium.BeforeAndAfterClass"/>
      </group> <!-- secondGroup -->
      <group name="firstGroup">
        <method signature="BeforeAndAfterClass.firstGroupMethodOne()[pri:0, instance:seleniumdemo.selenium.BeforeAndAfterClass@5e5792a0]" name="firstGroupMethodOne" class="seleniumdemo.selenium.BeforeAndAfterClass"/>
        <method signature="BeforeAndAfterClass.firstGroupMethodTwo()[pri:0, instance:seleniumdemo.selenium.BeforeAndAfterClass@5e5792a0]" name="firstGroupMethodTwo" class="seleniumdemo.selenium.BeforeAndAfterClass"/>
      </group> <!-- firstGroup -->
    </groups>
    <test name="TestOne" duration-ms="23" started-at="2020-08-03T15:28:50Z" finished-at="2020-08-03T15:28:50Z">
      <class name="seleniumdemo.selenium.BeforeAndAfterClass">
        <test-method status="PASS" signature="beforeTest()[pri:0, instance:seleniumdemo.selenium.BeforeAndAfterClass@5e5792a0]" name="beforeTest" is-config="true" duration-ms="0" started-at="2020-08-03T15:28:50Z" finished-at="2020-08-03T15:28:50Z">
          <reporter-output>
          </reporter-output>
        </test-method> <!-- beforeTest -->
        <test-method status="PASS" signature="beforeClass()[pri:0, instance:seleniumdemo.selenium.BeforeAndAfterClass@5e5792a0]" name="beforeClass" is-config="true" duration-ms="0" started-at="2020-08-03T15:28:50Z" finished-at="2020-08-03T15:28:50Z">
          <reporter-output>
          </reporter-output>
        </test-method> <!-- beforeClass -->
        <test-method status="PASS" signature="beforeFirstGroup()[pri:0, instance:seleniumdemo.selenium.BeforeAndAfterClass@5e5792a0]" name="beforeFirstGroup" is-config="true" duration-ms="0" started-at="2020-08-03T15:28:50Z" finished-at="2020-08-03T15:28:50Z">
          <reporter-output>
          </reporter-output>
        </test-method> <!-- beforeFirstGroup -->
        <test-method status="PASS" signature="beforeMethod()[pri:0, instance:seleniumdemo.selenium.BeforeAndAfterClass@5e5792a0]" name="beforeMethod" is-config="true" duration-ms="0" started-at="2020-08-03T15:28:50Z" finished-at="2020-08-03T15:28:50Z">
          <reporter-output>
          </reporter-output>
        </test-method> <!-- beforeMethod -->
        <test-method status="PASS" signature="firstGroupMethodOne()[pri:0, instance:seleniumdemo.selenium.BeforeAndAfterClass@5e5792a0]" name="firstGroupMethodOne" duration-ms="3" started-at="2020-08-03T15:28:50Z" finished-at="2020-08-03T15:28:50Z">
          <reporter-output>
          </reporter-output>
        </test-method> <!-- firstGroupMethodOne -->
        <test-method status="PASS" signature="afterMethod()[pri:0, instance:seleniumdemo.selenium.BeforeAndAfterClass@5e5792a0]" name="afterMethod" is-config="true" duration-ms="0" started-at="2020-08-03T15:28:50Z" finished-at="2020-08-03T15:28:50Z">
          <reporter-output>
          </reporter-output>
        </test-method> <!-- afterMethod -->
        <test-method status="PASS" signature="firstGroupMethodTwo()[pri:0, instance:seleniumdemo.selenium.BeforeAndAfterClass@5e5792a0]" name="firstGroupMethodTwo" duration-ms="1" started-at="2020-08-03T15:28:50Z" finished-at="2020-08-03T15:28:50Z">
          <reporter-output>
          </reporter-output>
        </test-method> <!-- firstGroupMethodTwo -->
        <test-method status="PASS" signature="beforeMethod()[pri:0, instance:seleniumdemo.selenium.BeforeAndAfterClass@5e5792a0]" name="beforeMethod" is-config="true" duration-ms="0" started-at="2020-08-03T15:28:50Z" finished-at="2020-08-03T15:28:50Z">
          <reporter-output>
          </reporter-output>
        </test-method> <!-- beforeMethod -->
        <test-method status="PASS" signature="afterMethod()[pri:0, instance:seleniumdemo.selenium.BeforeAndAfterClass@5e5792a0]" name="afterMethod" is-config="true" duration-ms="1" started-at="2020-08-03T15:28:50Z" finished-at="2020-08-03T15:28:50Z">
          <reporter-output>
          </reporter-output>
        </test-method> <!-- afterMethod -->
        <test-method status="PASS" signature="afterFirstGroup()[pri:0, instance:seleniumdemo.selenium.BeforeAndAfterClass@5e5792a0]" name="afterFirstGroup" is-config="true" duration-ms="0" started-at="2020-08-03T15:28:50Z" finished-at="2020-08-03T15:28:50Z">
          <reporter-output>
          </reporter-output>
        </test-method> <!-- afterFirstGroup -->
        <test-method status="PASS" signature="afterClass()[pri:0, instance:seleniumdemo.selenium.BeforeAndAfterClass@5e5792a0]" name="afterClass" is-config="true" duration-ms="0" started-at="2020-08-03T15:28:50Z" finished-at="2020-08-03T15:28:50Z">
          <reporter-output>
          </reporter-output>
        </test-method> <!-- afterClass -->
        <test-method status="PASS" signature="afterTest()[pri:0, instance:seleniumdemo.selenium.BeforeAndAfterClass@5e5792a0]" name="afterTest" is-config="true" duration-ms="0" started-at="2020-08-03T15:28:50Z" finished-at="2020-08-03T15:28:50Z">
          <reporter-output>
          </reporter-output>
        </test-method> <!-- afterTest -->
      </class> <!-- seleniumdemo.selenium.BeforeAndAfterClass -->
    </test> <!-- TestOne -->
    <test name="TesTwo" duration-ms="4" started-at="2020-08-03T15:28:50Z" finished-at="2020-08-03T15:28:50Z">
      <class name="seleniumdemo.selenium.BeforeAndAfterClass">
        <test-method status="PASS" signature="beforeSuite()[pri:0, instance:seleniumdemo.selenium.BeforeAndAfterClass@754ba872]" name="beforeSuite" is-config="true" duration-ms="11" started-at="2020-08-03T15:28:50Z" finished-at="2020-08-03T15:28:50Z">
          <reporter-output>
          </reporter-output>
        </test-method> <!-- beforeSuite -->
        <test-method status="PASS" signature="beforeClass()[pri:0, instance:seleniumdemo.selenium.BeforeAndAfterClass@754ba872]" name="beforeClass" is-config="true" duration-ms="0" started-at="2020-08-03T15:28:50Z" finished-at="2020-08-03T15:28:50Z">
          <reporter-output>
          </reporter-output>
        </test-method> <!-- beforeClass -->
        <test-method status="PASS" signature="beforeTest()[pri:0, instance:seleniumdemo.selenium.BeforeAndAfterClass@754ba872]" name="beforeTest" is-config="true" duration-ms="0" started-at="2020-08-03T15:28:50Z" finished-at="2020-08-03T15:28:50Z">
          <reporter-output>
          </reporter-output>
        </test-method> <!-- beforeTest -->
        <test-method status="PASS" signature="beforeMethod()[pri:0, instance:seleniumdemo.selenium.BeforeAndAfterClass@754ba872]" name="beforeMethod" is-config="true" duration-ms="0" started-at="2020-08-03T15:28:50Z" finished-at="2020-08-03T15:28:50Z">
          <reporter-output>
          </reporter-output>
        </test-method> <!-- beforeMethod -->
        <test-method status="PASS" signature="secondGroupMethodOne()[pri:0, instance:seleniumdemo.selenium.BeforeAndAfterClass@754ba872]" name="secondGroupMethodOne" duration-ms="0" started-at="2020-08-03T15:28:50Z" finished-at="2020-08-03T15:28:50Z">
          <reporter-output>
          </reporter-output>
        </test-method> <!-- secondGroupMethodOne -->
        <test-method status="PASS" signature="beforeSecondGroup()[pri:0, instance:seleniumdemo.selenium.BeforeAndAfterClass@754ba872]" name="beforeSecondGroup" is-config="true" duration-ms="0" started-at="2020-08-03T15:28:50Z" finished-at="2020-08-03T15:28:50Z">
          <reporter-output>
          </reporter-output>
        </test-method> <!-- beforeSecondGroup -->
        <test-method status="PASS" signature="secondGroupMethodTwo()[pri:0, instance:seleniumdemo.selenium.BeforeAndAfterClass@754ba872]" name="secondGroupMethodTwo" duration-ms="1" started-at="2020-08-03T15:28:50Z" finished-at="2020-08-03T15:28:50Z">
          <reporter-output>
          </reporter-output>
        </test-method> <!-- secondGroupMethodTwo -->
        <test-method status="PASS" signature="beforeMethod()[pri:0, instance:seleniumdemo.selenium.BeforeAndAfterClass@754ba872]" name="beforeMethod" is-config="true" duration-ms="0" started-at="2020-08-03T15:28:50Z" finished-at="2020-08-03T15:28:50Z">
          <reporter-output>
          </reporter-output>
        </test-method> <!-- beforeMethod -->
        <test-method status="PASS" signature="afterMethod()[pri:0, instance:seleniumdemo.selenium.BeforeAndAfterClass@754ba872]" name="afterMethod" is-config="true" duration-ms="0" started-at="2020-08-03T15:28:50Z" finished-at="2020-08-03T15:28:50Z">
          <reporter-output>
          </reporter-output>
        </test-method> <!-- afterMethod -->
        <test-method status="PASS" signature="afterMethod()[pri:0, instance:seleniumdemo.selenium.BeforeAndAfterClass@754ba872]" name="afterMethod" is-config="true" duration-ms="0" started-at="2020-08-03T15:28:50Z" finished-at="2020-08-03T15:28:50Z">
          <reporter-output>
          </reporter-output>
        </test-method> <!-- afterMethod -->
        <test-method status="PASS" signature="afterSecondGroup()[pri:0, instance:seleniumdemo.selenium.BeforeAndAfterClass@754ba872]" name="afterSecondGroup" is-config="true" duration-ms="0" started-at="2020-08-03T15:28:50Z" finished-at="2020-08-03T15:28:50Z">
          <reporter-output>
          </reporter-output>
        </test-method> <!-- afterSecondGroup -->
        <test-method status="PASS" signature="afterTest()[pri:0, instance:seleniumdemo.selenium.BeforeAndAfterClass@754ba872]" name="afterTest" is-config="true" duration-ms="0" started-at="2020-08-03T15:28:50Z" finished-at="2020-08-03T15:28:50Z">
          <reporter-output>
          </reporter-output>
        </test-method> <!-- afterTest -->
        <test-method status="PASS" signature="afterClass()[pri:0, instance:seleniumdemo.selenium.BeforeAndAfterClass@754ba872]" name="afterClass" is-config="true" duration-ms="0" started-at="2020-08-03T15:28:50Z" finished-at="2020-08-03T15:28:50Z">
          <reporter-output>
          </reporter-output>
        </test-method> <!-- afterClass -->
        <test-method status="PASS" signature="afterSuite()[pri:0, instance:seleniumdemo.selenium.BeforeAndAfterClass@754ba872]" name="afterSuite" is-config="true" duration-ms="0" started-at="2020-08-03T15:28:50Z" finished-at="2020-08-03T15:28:50Z">
          <reporter-output>
          </reporter-output>
        </test-method> <!-- afterSuite -->
      </class> <!-- seleniumdemo.selenium.BeforeAndAfterClass -->
    </test> <!-- TesTwo -->
  </suite> <!-- Suite -->
</testng-results>
