<?xml version="1.0" encoding="UTF-8"?>
<testng-results ignored="0" total="1" passed="0" failed="1" skipped="0">
  <reporter-output>
  </reporter-output>
  <suite started-at="2021-09-15T08:39:47Z" name="Default suite" finished-at="2021-09-15T08:39:49Z" duration-ms="2495">
    <groups>
    </groups>
    <test started-at="2021-09-15T08:39:47Z" name="Default test" finished-at="2021-09-15T08:39:49Z" duration-ms="2495">
      <class name="seleniumdemo.selenium.eleniumimportantcode">
        <test-method signature="dropdown()[pri:0, instance:seleniumdemo.selenium.eleniumimportantcode@78e4deb0]" started-at="2021-09-15T08:39:47Z" name="dropdown" finished-at="2021-09-15T08:39:49Z" duration-ms="2417" status="FAIL">
          <exception class="org.openqa.selenium.WebDriverException">
            <message>
              <![CDATA[unknown error: cannot find Chrome binary
Build info: version: '3.141.59', revision: 'e82be7d358', time: '2018-11-14T08:17:03'
System info: host: 'DESKTOP-45LN54O', ip: '192.168.0.103', os.name: 'Windows 10', os.arch: 'amd64', os.version: '10.0', java.version: '16'
Driver info: driver.version: ChromeDriver
remote stacktrace: Backtrace:
Ordinal0 [0x011687E3+2852835]
Ordinal0 [0x01055BB1+1727409]
Ordinal0 [0x00F2E4B9+517305]
Ordinal0 [0x00EBCA98+51864]
Ordinal0 [0x00EDD9F7+186871]
Ordinal0 [0x00EDD7FD+186365]
Ordinal0 [0x00EDB70B+177931]
Ordinal0 [0x00EC2584+75140]
Ordinal0 [0x00EC3650+79440]
Ordinal0 [0x00EC35E9+79337]
Ordinal0 [0x0106AD5C+1813852]
GetHandleVerifier [0x0128C616+1075574]
GetHandleVerifier [0x0128C367+1074887]
GetHandleVerifier [0x01297497+1120247]
GetHandleVerifier [0x0128CC16+1077110]
Ordinal0 [0x01063206+1782278]
Ordinal0 [0x0106C3BB+1819579]
Ordinal0 [0x0106C523+1819939]
Ordinal0 [0x01082B45+1911621]
BaseThreadInitThunk [0x77BBFA29+25]
RtlGetAppContainerNamedObjectPath [0x77D07A7E+286]
RtlGetAppContainerNamedObjectPath [0x77D07A4E+238]
]]>
            </message>
            <full-stacktrace>
              <![CDATA[org.openqa.selenium.WebDriverException: unknown error: cannot find Chrome binary
Build info: version: '3.141.59', revision: 'e82be7d358', time: '2018-11-14T08:17:03'
System info: host: 'DESKTOP-45LN54O', ip: '192.168.0.103', os.name: 'Windows 10', os.arch: 'amd64', os.version: '10.0', java.version: '16'
Driver info: driver.version: ChromeDriver
remote stacktrace: Backtrace:
Ordinal0 [0x011687E3+2852835]
Ordinal0 [0x01055BB1+1727409]
Ordinal0 [0x00F2E4B9+517305]
Ordinal0 [0x00EBCA98+51864]
Ordinal0 [0x00EDD9F7+186871]
Ordinal0 [0x00EDD7FD+186365]
Ordinal0 [0x00EDB70B+177931]
Ordinal0 [0x00EC2584+75140]
Ordinal0 [0x00EC3650+79440]
Ordinal0 [0x00EC35E9+79337]
Ordinal0 [0x0106AD5C+1813852]
GetHandleVerifier [0x0128C616+1075574]
GetHandleVerifier [0x0128C367+1074887]
GetHandleVerifier [0x01297497+1120247]
GetHandleVerifier [0x0128CC16+1077110]
Ordinal0 [0x01063206+1782278]
Ordinal0 [0x0106C3BB+1819579]
Ordinal0 [0x0106C523+1819939]
Ordinal0 [0x01082B45+1911621]
BaseThreadInitThunk [0x77BBFA29+25]
RtlGetAppContainerNamedObjectPath [0x77D07A7E+286]
RtlGetAppContainerNamedObjectPath [0x77D07A4E+238]

at java.base/jdk.internal.reflect.NativeConstructorAccessorImpl.newInstance0(Native Method)
at java.base/jdk.internal.reflect.NativeConstructorAccessorImpl.newInstance(NativeConstructorAccessorImpl.java:78)
at java.base/jdk.internal.reflect.DelegatingConstructorAccessorImpl.newInstance(DelegatingConstructorAccessorImpl.java:45)
at java.base/java.lang.reflect.Constructor.newInstanceWithCaller(Constructor.java:499)
at java.base/java.lang.reflect.Constructor.newInstance(Constructor.java:480)
at org.openqa.selenium.remote.W3CHandshakeResponse.lambda$errorHandler$0(W3CHandshakeResponse.java:62)
at org.openqa.selenium.remote.HandshakeResponse.lambda$getResponseFunction$0(HandshakeResponse.java:30)
at org.openqa.selenium.remote.ProtocolHandshake.lambda$createSession$0(ProtocolHandshake.java:126)
at java.base/java.util.stream.ReferencePipeline$3$1.accept(ReferencePipeline.java:197)
at java.base/java.util.Spliterators$ArraySpliterator.tryAdvance(Spliterators.java:958)
at java.base/java.util.stream.ReferencePipeline.forEachWithCancel(ReferencePipeline.java:129)
at java.base/java.util.stream.AbstractPipeline.copyIntoWithCancel(AbstractPipeline.java:502)
at java.base/java.util.stream.AbstractPipeline.copyInto(AbstractPipeline.java:488)
at java.base/java.util.stream.AbstractPipeline.wrapAndCopyInto(AbstractPipeline.java:474)
at java.base/java.util.stream.FindOps$FindOp.evaluateSequential(FindOps.java:150)
at java.base/java.util.stream.AbstractPipeline.evaluate(AbstractPipeline.java:234)
at java.base/java.util.stream.ReferencePipeline.findFirst(ReferencePipeline.java:647)
at org.openqa.selenium.remote.ProtocolHandshake.createSession(ProtocolHandshake.java:128)
at org.openqa.selenium.remote.ProtocolHandshake.createSession(ProtocolHandshake.java:74)
at org.openqa.selenium.remote.HttpCommandExecutor.execute(HttpCommandExecutor.java:136)
at org.openqa.selenium.remote.service.DriverCommandExecutor.execute(DriverCommandExecutor.java:83)
at org.openqa.selenium.remote.RemoteWebDriver.execute(RemoteWebDriver.java:552)
at org.openqa.selenium.remote.RemoteWebDriver.startSession(RemoteWebDriver.java:213)
at org.openqa.selenium.remote.RemoteWebDriver.<init>(RemoteWebDriver.java:131)
at org.openqa.selenium.chrome.ChromeDriver.<init>(ChromeDriver.java:181)
at org.openqa.selenium.chrome.ChromeDriver.<init>(ChromeDriver.java:168)
at org.openqa.selenium.chrome.ChromeDriver.<init>(ChromeDriver.java:123)
at seleniumdemo.selenium.eleniumimportantcode.dropdown(eleniumimportantcode.java:24)
at java.base/jdk.internal.reflect.NativeMethodAccessorImpl.invoke0(Native Method)
at java.base/jdk.internal.reflect.NativeMethodAccessorImpl.invoke(NativeMethodAccessorImpl.java:78)
at java.base/jdk.internal.reflect.DelegatingMethodAccessorImpl.invoke(DelegatingMethodAccessorImpl.java:43)
at java.base/java.lang.reflect.Method.invoke(Method.java:567)
at org.testng.internal.MethodInvocationHelper.invokeMethod(MethodInvocationHelper.java:124)
at org.testng.internal.Invoker.invokeMethod(Invoker.java:583)
at org.testng.internal.Invoker.invokeTestMethod(Invoker.java:719)
at org.testng.internal.Invoker.invokeTestMethods(Invoker.java:989)
at org.testng.internal.TestMethodWorker.invokeTestMethods(TestMethodWorker.java:125)
at org.testng.internal.TestMethodWorker.run(TestMethodWorker.java:109)
at org.testng.TestRunner.privateRun(TestRunner.java:648)
at org.testng.TestRunner.run(TestRunner.java:505)
at org.testng.SuiteRunner.runTest(SuiteRunner.java:455)
at org.testng.SuiteRunner.runSequentially(SuiteRunner.java:450)
at org.testng.SuiteRunner.privateRun(SuiteRunner.java:415)
at org.testng.SuiteRunner.run(SuiteRunner.java:364)
at org.testng.SuiteRunnerWorker.runSuite(SuiteRunnerWorker.java:52)
at org.testng.SuiteRunnerWorker.run(SuiteRunnerWorker.java:84)
at org.testng.TestNG.runSuitesSequentially(TestNG.java:1208)
at org.testng.TestNG.runSuitesLocally(TestNG.java:1137)
at org.testng.TestNG.runSuites(TestNG.java:1049)
at org.testng.TestNG.run(TestNG.java:1017)
at org.testng.remote.AbstractRemoteTestNG.run(AbstractRemoteTestNG.java:115)
at org.testng.remote.RemoteTestNG.initAndRun(RemoteTestNG.java:251)
at org.testng.remote.RemoteTestNG.main(RemoteTestNG.java:77)
]]>
            </full-stacktrace>
          </exception> <!-- org.openqa.selenium.WebDriverException -->
          <reporter-output>
          </reporter-output>
        </test-method> <!-- dropdown -->
      </class> <!-- seleniumdemo.selenium.eleniumimportantcode -->
    </test> <!-- Default test -->
  </suite> <!-- Default suite -->
</testng-results>
